<?xml version="1.0" encoding="UTF-8"?>
<testsuite xmlns:xsi="http://www.w3.org/2001/XMLSchema-instance" xsi:noNamespaceSchemaLocation="https://maven.apache.org/surefire/maven-surefire-plugin/xsd/surefire-test-report.xsd" name="com.endava.mmarko.pia.controllers.HomeControllerTest" time="0.008" tests="1" errors="0" skipped="0" failures="0">
  <properties>
    <property name="sun.desktop" value="windows"/>
    <property name="awt.toolkit" value="sun.awt.windows.WToolkit"/>
    <property name="java.specification.version" value="11"/>
    <property name="sun.cpu.isalist" value="amd64"/>
    <property name="sun.jnu.encoding" value="Cp1252"/>
    <property name="java.class.path" value="C:\Users\Marko.Micovic\IdeaProjects\PIARestService\target\test-classes;C:\Users\Marko.Micovic\IdeaProjects\PIARestService\target\classes;C:\Users\Marko.Micovic\.m2\repository\com\microsoft\sqlserver\mssql-jdbc\7.4.1.jre11\mssql-jdbc-7.4.1.jre11.jar;C:\Users\Marko.Micovic\.m2\repository\javax\annotation\jsr250-api\1.0\jsr250-api-1.0.jar;C:\Users\Marko.Micovic\.m2\repository\com\fasterxml\jackson\core\jackson-core\2.9.9\jackson-core-2.9.9.jar;C:\Users\Marko.Micovic\.m2\repository\com\fasterxml\jackson\core\jackson-databind\2.9.9\jackson-databind-2.9.9.jar;C:\Users\Marko.Micovic\.m2\repository\com\fasterxml\jackson\core\jackson-annotations\2.9.0\jackson-annotations-2.9.0.jar;C:\Users\Marko.Micovic\.m2\repository\mysql\mysql-connector-java\8.0.17\mysql-connector-java-8.0.17.jar;C:\Users\Marko.Micovic\.m2\repository\com\google\protobuf\protobuf-java\3.6.1\protobuf-java-3.6.1.jar;C:\Users\Marko.Micovic\.m2\repository\org\hibernate\hibernate-core\5.4.4.Final\hibernate-core-5.4.4.Final.jar;C:\Users\Marko.Micovic\.m2\repository\org\jboss\logging\jboss-logging\3.3.2.Final\jboss-logging-3.3.2.Final.jar;C:\Users\Marko.Micovic\.m2\repository\org\javassist\javassist\3.24.0-GA\javassist-3.24.0-GA.jar;C:\Users\Marko.Micovic\.m2\repository\net\bytebuddy\byte-buddy\1.9.11\byte-buddy-1.9.11.jar;C:\Users\Marko.Micovic\.m2\repository\antlr\antlr\2.7.7\antlr-2.7.7.jar;C:\Users\Marko.Micovic\.m2\repository\org\jboss\spec\javax\transaction\jboss-transaction-api_1.2_spec\1.1.1.Final\jboss-transaction-api_1.2_spec-1.1.1.Final.jar;C:\Users\Marko.Micovic\.m2\repository\org\jboss\jandex\2.0.5.Final\jandex-2.0.5.Final.jar;C:\Users\Marko.Micovic\.m2\repository\com\fasterxml\classmate\1.3.4\classmate-1.3.4.jar;C:\Users\Marko.Micovic\.m2\repository\javax\activation\javax.activation-api\1.2.0\javax.activation-api-1.2.0.jar;C:\Users\Marko.Micovic\.m2\repository\org\dom4j\dom4j\2.1.1\dom4j-2.1.1.jar;C:\Users\Marko.Micovic\.m2\repository\org\hibernate\common\hibernate-commons-annotations\5.1.0.Final\hibernate-commons-annotations-5.1.0.Final.jar;C:\Users\Marko.Micovic\.m2\repository\javax\xml\bind\jaxb-api\2.3.1\jaxb-api-2.3.1.jar;C:\Users\Marko.Micovic\.m2\repository\org\glassfish\jaxb\jaxb-runtime\2.3.1\jaxb-runtime-2.3.1.jar;C:\Users\Marko.Micovic\.m2\repository\org\glassfish\jaxb\txw2\2.3.1\txw2-2.3.1.jar;C:\Users\Marko.Micovic\.m2\repository\com\sun\istack\istack-commons-runtime\3.0.7\istack-commons-runtime-3.0.7.jar;C:\Users\Marko.Micovic\.m2\repository\org\jvnet\staxex\stax-ex\1.8\stax-ex-1.8.jar;C:\Users\Marko.Micovic\.m2\repository\com\sun\xml\fastinfoset\FastInfoset\1.2.15\FastInfoset-1.2.15.jar;C:\Users\Marko.Micovic\.m2\repository\org\hibernate\hibernate-entitymanager\5.4.4.Final\hibernate-entitymanager-5.4.4.Final.jar;C:\Users\Marko.Micovic\.m2\repository\javax\persistence\javax.persistence-api\2.2\javax.persistence-api-2.2.jar;C:\Users\Marko.Micovic\.m2\repository\org\springframework\data\spring-data-jpa\1.7.1.RELEASE\spring-data-jpa-1.7.1.RELEASE.jar;C:\Users\Marko.Micovic\.m2\repository\org\springframework\data\spring-data-commons\1.9.1.RELEASE\spring-data-commons-1.9.1.RELEASE.jar;C:\Users\Marko.Micovic\.m2\repository\org\aspectj\aspectjrt\1.8.2\aspectjrt-1.8.2.jar;C:\Users\Marko.Micovic\.m2\repository\org\slf4j\slf4j-api\1.7.7\slf4j-api-1.7.7.jar;C:\Users\Marko.Micovic\.m2\repository\org\slf4j\jcl-over-slf4j\1.7.7\jcl-over-slf4j-1.7.7.jar;C:\Users\Marko.Micovic\.m2\repository\org\springframework\spring-webmvc\4.3.18.RELEASE\spring-webmvc-4.3.18.RELEASE.jar;C:\Users\Marko.Micovic\.m2\repository\org\springframework\spring-web\4.3.18.RELEASE\spring-web-4.3.18.RELEASE.jar;C:\Users\Marko.Micovic\.m2\repository\org\springframework\spring-aop\4.3.18.RELEASE\spring-aop-4.3.18.RELEASE.jar;C:\Users\Marko.Micovic\.m2\repository\org\springframework\spring-aspects\4.3.18.RELEASE\spring-aspects-4.3.18.RELEASE.jar;C:\Users\Marko.Micovic\.m2\repository\org\aspectj\aspectjweaver\1.8.9\aspectjweaver-1.8.9.jar;C:\Users\Marko.Micovic\.m2\repository\org\springframework\spring-beans\4.3.18.RELEASE\spring-beans-4.3.18.RELEASE.jar;C:\Users\Marko.Micovic\.m2\repository\org\springframework\spring-context\4.3.18.RELEASE\spring-context-4.3.18.RELEASE.jar;C:\Users\Marko.Micovic\.m2\repository\org\springframework\spring-context-support\4.3.18.RELEASE\spring-context-support-4.3.18.RELEASE.jar;C:\Users\Marko.Micovic\.m2\repository\org\springframework\spring-core\4.3.18.RELEASE\spring-core-4.3.18.RELEASE.jar;C:\Users\Marko.Micovic\.m2\repository\org\springframework\spring-expression\4.3.18.RELEASE\spring-expression-4.3.18.RELEASE.jar;C:\Users\Marko.Micovic\.m2\repository\org\springframework\spring-instrument\4.3.18.RELEASE\spring-instrument-4.3.18.RELEASE.jar;C:\Users\Marko.Micovic\.m2\repository\org\springframework\spring-instrument-tomcat\4.3.18.RELEASE\spring-instrument-tomcat-4.3.18.RELEASE.jar;C:\Users\Marko.Micovic\.m2\repository\org\springframework\spring-jdbc\4.3.18.RELEASE\spring-jdbc-4.3.18.RELEASE.jar;C:\Users\Marko.Micovic\.m2\repository\org\springframework\spring-jms\4.3.18.RELEASE\spring-jms-4.3.18.RELEASE.jar;C:\Users\Marko.Micovic\.m2\repository\org\springframework\spring-messaging\4.3.18.RELEASE\spring-messaging-4.3.18.RELEASE.jar;C:\Users\Marko.Micovic\.m2\repository\org\springframework\spring-orm\4.3.18.RELEASE\spring-orm-4.3.18.RELEASE.jar;C:\Users\Marko.Micovic\.m2\repository\org\springframework\spring-oxm\4.3.18.RELEASE\spring-oxm-4.3.18.RELEASE.jar;C:\Users\Marko.Micovic\.m2\repository\org\springframework\spring-test\4.3.18.RELEASE\spring-test-4.3.18.RELEASE.jar;C:\Users\Marko.Micovic\.m2\repository\org\springframework\spring-tx\4.3.18.RELEASE\spring-tx-4.3.18.RELEASE.jar;C:\Users\Marko.Micovic\.m2\repository\aopalliance\aopalliance\1.0\aopalliance-1.0.jar;C:\Users\Marko.Micovic\.m2\repository\commons-logging\commons-logging\1.2\commons-logging-1.2.jar;C:\Users\Marko.Micovic\.m2\repository\junit\junit\4.12\junit-4.12.jar;C:\Users\Marko.Micovic\.m2\repository\org\hamcrest\hamcrest-core\1.3\hamcrest-core-1.3.jar;C:\Users\Marko.Micovic\.m2\repository\org\mockito\mockito-all\1.10.19\mockito-all-1.10.19.jar;C:\Users\Marko.Micovic\.m2\repository\javax\servlet\javax.servlet-api\4.0.1\javax.servlet-api-4.0.1.jar;C:\Users\Marko.Micovic\.m2\repository\com\jayway\jsonpath\json-path\2.4.0\json-path-2.4.0.jar;C:\Users\Marko.Micovic\.m2\repository\net\minidev\json-smart\2.3\json-smart-2.3.jar;C:\Users\Marko.Micovic\.m2\repository\net\minidev\accessors-smart\1.2\accessors-smart-1.2.jar;C:\Users\Marko.Micovic\.m2\repository\org\ow2\asm\asm\5.0.4\asm-5.0.4.jar;C:\Users\Marko.Micovic\.m2\repository\com\jayway\jsonpath\json-path-assert\2.4.0\json-path-assert-2.4.0.jar;C:\Users\Marko.Micovic\.m2\repository\org\hamcrest\hamcrest-library\1.3\hamcrest-library-1.3.jar;"/>
    <property name="java.vm.vendor" value="JetBrains s.r.o"/>
    <property name="sun.arch.data.model" value="64"/>
    <property name="user.variant" value=""/>
    <property name="java.vendor.url" value="https://www.jetbrains.com/"/>
    <property name="user.timezone" value="Europe/Prague"/>
    <property name="java.vm.specification.version" value="11"/>
    <property name="os.name" value="Windows 10"/>
    <property name="sun.java.launcher" value="SUN_STANDARD"/>
    <property name="user.country" value="US"/>
    <property name="sun.boot.library.path" value="C:\Program Files\JetBrains\IntelliJ IDEA 2019.2\jbr\bin"/>
    <property name="sun.java.command" value="C:\Users\MARKO~1.MIC\AppData\Local\Temp\surefire4446274126896863553\surefirebooter493918957385135113.jar C:\Users\Marko.Micovic\AppData\Local\Temp\surefire4446274126896863553 2019-08-23T12-15-45_147-jvmRun1 surefire4571640569951768121tmp surefire_011152969697187881477tmp"/>
    <property name="jdk.debug" value="release"/>
    <property name="surefire.test.class.path" value="C:\Users\Marko.Micovic\IdeaProjects\PIARestService\target\test-classes;C:\Users\Marko.Micovic\IdeaProjects\PIARestService\target\classes;C:\Users\Marko.Micovic\.m2\repository\com\microsoft\sqlserver\mssql-jdbc\7.4.1.jre11\mssql-jdbc-7.4.1.jre11.jar;C:\Users\Marko.Micovic\.m2\repository\javax\annotation\jsr250-api\1.0\jsr250-api-1.0.jar;C:\Users\Marko.Micovic\.m2\repository\com\fasterxml\jackson\core\jackson-core\2.9.9\jackson-core-2.9.9.jar;C:\Users\Marko.Micovic\.m2\repository\com\fasterxml\jackson\core\jackson-databind\2.9.9\jackson-databind-2.9.9.jar;C:\Users\Marko.Micovic\.m2\repository\com\fasterxml\jackson\core\jackson-annotations\2.9.0\jackson-annotations-2.9.0.jar;C:\Users\Marko.Micovic\.m2\repository\mysql\mysql-connector-java\8.0.17\mysql-connector-java-8.0.17.jar;C:\Users\Marko.Micovic\.m2\repository\com\google\protobuf\protobuf-java\3.6.1\protobuf-java-3.6.1.jar;C:\Users\Marko.Micovic\.m2\repository\org\hibernate\hibernate-core\5.4.4.Final\hibernate-core-5.4.4.Final.jar;C:\Users\Marko.Micovic\.m2\repository\org\jboss\logging\jboss-logging\3.3.2.Final\jboss-logging-3.3.2.Final.jar;C:\Users\Marko.Micovic\.m2\repository\org\javassist\javassist\3.24.0-GA\javassist-3.24.0-GA.jar;C:\Users\Marko.Micovic\.m2\repository\net\bytebuddy\byte-buddy\1.9.11\byte-buddy-1.9.11.jar;C:\Users\Marko.Micovic\.m2\repository\antlr\antlr\2.7.7\antlr-2.7.7.jar;C:\Users\Marko.Micovic\.m2\repository\org\jboss\spec\javax\transaction\jboss-transaction-api_1.2_spec\1.1.1.Final\jboss-transaction-api_1.2_spec-1.1.1.Final.jar;C:\Users\Marko.Micovic\.m2\repository\org\jboss\jandex\2.0.5.Final\jandex-2.0.5.Final.jar;C:\Users\Marko.Micovic\.m2\repository\com\fasterxml\classmate\1.3.4\classmate-1.3.4.jar;C:\Users\Marko.Micovic\.m2\repository\javax\activation\javax.activation-api\1.2.0\javax.activation-api-1.2.0.jar;C:\Users\Marko.Micovic\.m2\repository\org\dom4j\dom4j\2.1.1\dom4j-2.1.1.jar;C:\Users\Marko.Micovic\.m2\repository\org\hibernate\common\hibernate-commons-annotations\5.1.0.Final\hibernate-commons-annotations-5.1.0.Final.jar;C:\Users\Marko.Micovic\.m2\repository\javax\xml\bind\jaxb-api\2.3.1\jaxb-api-2.3.1.jar;C:\Users\Marko.Micovic\.m2\repository\org\glassfish\jaxb\jaxb-runtime\2.3.1\jaxb-runtime-2.3.1.jar;C:\Users\Marko.Micovic\.m2\repository\org\glassfish\jaxb\txw2\2.3.1\txw2-2.3.1.jar;C:\Users\Marko.Micovic\.m2\repository\com\sun\istack\istack-commons-runtime\3.0.7\istack-commons-runtime-3.0.7.jar;C:\Users\Marko.Micovic\.m2\repository\org\jvnet\staxex\stax-ex\1.8\stax-ex-1.8.jar;C:\Users\Marko.Micovic\.m2\repository\com\sun\xml\fastinfoset\FastInfoset\1.2.15\FastInfoset-1.2.15.jar;C:\Users\Marko.Micovic\.m2\repository\org\hibernate\hibernate-entitymanager\5.4.4.Final\hibernate-entitymanager-5.4.4.Final.jar;C:\Users\Marko.Micovic\.m2\repository\javax\persistence\javax.persistence-api\2.2\javax.persistence-api-2.2.jar;C:\Users\Marko.Micovic\.m2\repository\org\springframework\data\spring-data-jpa\1.7.1.RELEASE\spring-data-jpa-1.7.1.RELEASE.jar;C:\Users\Marko.Micovic\.m2\repository\org\springframework\data\spring-data-commons\1.9.1.RELEASE\spring-data-commons-1.9.1.RELEASE.jar;C:\Users\Marko.Micovic\.m2\repository\org\aspectj\aspectjrt\1.8.2\aspectjrt-1.8.2.jar;C:\Users\Marko.Micovic\.m2\repository\org\slf4j\slf4j-api\1.7.7\slf4j-api-1.7.7.jar;C:\Users\Marko.Micovic\.m2\repository\org\slf4j\jcl-over-slf4j\1.7.7\jcl-over-slf4j-1.7.7.jar;C:\Users\Marko.Micovic\.m2\repository\org\springframework\spring-webmvc\4.3.18.RELEASE\spring-webmvc-4.3.18.RELEASE.jar;C:\Users\Marko.Micovic\.m2\repository\org\springframework\spring-web\4.3.18.RELEASE\spring-web-4.3.18.RELEASE.jar;C:\Users\Marko.Micovic\.m2\repository\org\springframework\spring-aop\4.3.18.RELEASE\spring-aop-4.3.18.RELEASE.jar;C:\Users\Marko.Micovic\.m2\repository\org\springframework\spring-aspects\4.3.18.RELEASE\spring-aspects-4.3.18.RELEASE.jar;C:\Users\Marko.Micovic\.m2\repository\org\aspectj\aspectjweaver\1.8.9\aspectjweaver-1.8.9.jar;C:\Users\Marko.Micovic\.m2\repository\org\springframework\spring-beans\4.3.18.RELEASE\spring-beans-4.3.18.RELEASE.jar;C:\Users\Marko.Micovic\.m2\repository\org\springframework\spring-context\4.3.18.RELEASE\spring-context-4.3.18.RELEASE.jar;C:\Users\Marko.Micovic\.m2\repository\org\springframework\spring-context-support\4.3.18.RELEASE\spring-context-support-4.3.18.RELEASE.jar;C:\Users\Marko.Micovic\.m2\repository\org\springframework\spring-core\4.3.18.RELEASE\spring-core-4.3.18.RELEASE.jar;C:\Users\Marko.Micovic\.m2\repository\org\springframework\spring-expression\4.3.18.RELEASE\spring-expression-4.3.18.RELEASE.jar;C:\Users\Marko.Micovic\.m2\repository\org\springframework\spring-instrument\4.3.18.RELEASE\spring-instrument-4.3.18.RELEASE.jar;C:\Users\Marko.Micovic\.m2\repository\org\springframework\spring-instrument-tomcat\4.3.18.RELEASE\spring-instrument-tomcat-4.3.18.RELEASE.jar;C:\Users\Marko.Micovic\.m2\repository\org\springframework\spring-jdbc\4.3.18.RELEASE\spring-jdbc-4.3.18.RELEASE.jar;C:\Users\Marko.Micovic\.m2\repository\org\springframework\spring-jms\4.3.18.RELEASE\spring-jms-4.3.18.RELEASE.jar;C:\Users\Marko.Micovic\.m2\repository\org\springframework\spring-messaging\4.3.18.RELEASE\spring-messaging-4.3.18.RELEASE.jar;C:\Users\Marko.Micovic\.m2\repository\org\springframework\spring-orm\4.3.18.RELEASE\spring-orm-4.3.18.RELEASE.jar;C:\Users\Marko.Micovic\.m2\repository\org\springframework\spring-oxm\4.3.18.RELEASE\spring-oxm-4.3.18.RELEASE.jar;C:\Users\Marko.Micovic\.m2\repository\org\springframework\spring-test\4.3.18.RELEASE\spring-test-4.3.18.RELEASE.jar;C:\Users\Marko.Micovic\.m2\repository\org\springframework\spring-tx\4.3.18.RELEASE\spring-tx-4.3.18.RELEASE.jar;C:\Users\Marko.Micovic\.m2\repository\aopalliance\aopalliance\1.0\aopalliance-1.0.jar;C:\Users\Marko.Micovic\.m2\repository\commons-logging\commons-logging\1.2\commons-logging-1.2.jar;C:\Users\Marko.Micovic\.m2\repository\junit\junit\4.12\junit-4.12.jar;C:\Users\Marko.Micovic\.m2\repository\org\hamcrest\hamcrest-core\1.3\hamcrest-core-1.3.jar;C:\Users\Marko.Micovic\.m2\repository\org\mockito\mockito-all\1.10.19\mockito-all-1.10.19.jar;C:\Users\Marko.Micovic\.m2\repository\javax\servlet\javax.servlet-api\4.0.1\javax.servlet-api-4.0.1.jar;C:\Users\Marko.Micovic\.m2\repository\com\jayway\jsonpath\json-path\2.4.0\json-path-2.4.0.jar;C:\Users\Marko.Micovic\.m2\repository\net\minidev\json-smart\2.3\json-smart-2.3.jar;C:\Users\Marko.Micovic\.m2\repository\net\minidev\accessors-smart\1.2\accessors-smart-1.2.jar;C:\Users\Marko.Micovic\.m2\repository\org\ow2\asm\asm\5.0.4\asm-5.0.4.jar;C:\Users\Marko.Micovic\.m2\repository\com\jayway\jsonpath\json-path-assert\2.4.0\json-path-assert-2.4.0.jar;C:\Users\Marko.Micovic\.m2\repository\org\hamcrest\hamcrest-library\1.3\hamcrest-library-1.3.jar;"/>
    <property name="sun.cpu.endian" value="little"/>
    <property name="user.home" value="C:\Users\Marko.Micovic"/>
    <property name="user.language" value="en"/>
    <property name="java.specification.vendor" value="Oracle Corporation"/>
    <property name="java.version.date" value="2019-04-16"/>
    <property name="java.home" value="C:\Program Files\JetBrains\IntelliJ IDEA 2019.2\jbr"/>
    <property name="file.separator" value="\"/>
    <property name="basedir" value="C:\Users\Marko.Micovic\IdeaProjects\PIARestService"/>
    <property name="java.vm.compressedOopsMode" value="Zero based"/>
    <property name="line.separator" value="&#10;"/>
    <property name="java.specification.name" value="Java Platform API Specification"/>
    <property name="java.vm.specification.vendor" value="Oracle Corporation"/>
    <property name="java.awt.graphicsenv" value="sun.awt.Win32GraphicsEnvironment"/>
    <property name="surefire.real.class.path" value="C:\Users\MARKO~1.MIC\AppData\Local\Temp\surefire4446274126896863553\surefirebooter493918957385135113.jar"/>
    <property name="user.script" value=""/>
    <property name="sun.management.compiler" value="HotSpot 64-Bit Tiered Compilers"/>
    <property name="java.runtime.version" value="11.0.3+12-b304.10"/>
    <property name="user.name" value="Marko.Micovic"/>
    <property name="path.separator" value=";"/>
    <property name="os.version" value="10.0"/>
    <property name="java.runtime.name" value="OpenJDK Runtime Environment"/>
    <property name="file.encoding" value="Cp1252"/>
    <property name="java.vm.name" value="OpenJDK 64-Bit Server VM"/>
    <property name="localRepository" value="C:\Users\Marko.Micovic\.m2\repository"/>
    <property name="java.vendor.url.bug" value="https://youtrack.jetbrains.com"/>
    <property name="java.io.tmpdir" value="C:\Users\MARKO~1.MIC\AppData\Local\Temp\"/>
    <property name="java.version" value="11.0.3"/>
    <property name="user.dir" value="C:\Users\Marko.Micovic\IdeaProjects\PIARestService"/>
    <property name="os.arch" value="amd64"/>
    <property name="java.vm.specification.name" value="Java Virtual Machine Specification"/>
    <property name="java.awt.printerjob" value="sun.awt.windows.WPrinterJob"/>
    <property name="sun.os.patch.level" value=""/>
    <property name="idea.version2019.2" value="true"/>
    <property name="java.library.path" value="C:\Program Files\JetBrains\IntelliJ IDEA 2019.2\jbr\bin;C:\WINDOWS\Sun\Java\bin;C:\WINDOWS\system32;C:\WINDOWS;C:\Program Files\JetBrains\IntelliJ IDEA 2019.2\jbr\\bin;C:\Program Files\JetBrains\IntelliJ IDEA 2019.2\jbr\\bin\server;C:\ProgramData\Oracle\Java\javapath;C:\WINDOWS\system32;C:\WINDOWS;C:\WINDOWS\System32\Wbem;C:\WINDOWS\System32\WindowsPowerShell\v1.0\;C:\WINDOWS\System32\OpenSSH\;C:\Program Files\OpenVPN\bin;C:\Program Files\Intel\WiFi\bin\;C:\Program Files\Common Files\Intel\WirelessCommon\;C:\Program Files (x86)\Intel\Intel(R) Management Engine Components\DAL;C:\Program Files\Intel\Intel(R) Management Engine Components\DAL;C:\Program Files\Git\cmd;C:\Program Files (x86)\Microsoft SQL Server\150\DTS\Binn\;C:\Program Files\MySQL\MySQL Shell 8.0\bin\;."/>
    <property name="java.vendor" value="JetBrains s.r.o"/>
    <property name="java.vm.info" value="mixed mode, sharing"/>
    <property name="java.vm.version" value="11.0.3+12-b304.10"/>
    <property name="sun.io.unicode.encoding" value="UnicodeLittle"/>
    <property name="java.class.version" value="55.0"/>
  </properties>
  <testcase name="homeTest" classname="com.endava.mmarko.pia.controllers.HomeControllerTest" time="0"/>
</testsuite>